This file contains any messages produced by compilers while
running configure, to aid debugging if configure makes a mistake.

It was created by configure, which was
generated by GNU Autoconf 2.69.  Invocation command line was

  $ ./configure --enable-maintainer-mode

## --------- ##
## Platform. ##
## --------- ##

hostname = system76-pc
uname -m = x86_64
uname -r = 4.4.0-59-generic
uname -s = Linux
uname -v = #80-Ubuntu SMP Fri Jan 6 17:47:47 UTC 2017

/usr/bin/uname -p = unknown
/bin/uname -X     = unknown

/bin/arch              = unknown
/usr/bin/arch -k       = unknown
/usr/convex/getsysinfo = unknown
/usr/bin/hostinfo      = unknown
/bin/machine           = unknown
/usr/bin/oslevel       = unknown
/bin/universe          = unknown

PATH: /home/shalan/bin
PATH: /home/shalan/.local/bin
PATH: /usr/local/sbin
PATH: /usr/local/bin
PATH: /usr/sbin
PATH: /usr/bin
PATH: /sbin
PATH: /bin
PATH: /usr/games
PATH: /usr/local/games
PATH: /snap/bin


## ----------- ##
## Core tests. ##
## ----------- ##

configure:2253: checking for a BSD-compatible install
configure:2321: result: /usr/bin/install -c
configure:2332: checking whether build environment is sane
configure:2387: result: yes
configure:2538: checking for a thread-safe mkdir -p
configure:2577: result: /bin/mkdir -p
configure:2584: checking for gawk
configure:2614: result: no
configure:2584: checking for mawk
configure:2600: found /usr/bin/mawk
configure:2611: result: mawk
configure:2622: checking whether make sets $(MAKE)
configure:2644: result: yes
configure:2673: checking whether make supports nested variables
configure:2690: result: yes
configure:2820: checking whether to enable maintainer-specific portions of Makefiles
configure:2829: result: yes
configure:2855: checking for style of include used by make
configure:2883: result: GNU
configure:2954: checking for gcc
configure:2970: found /usr/bin/gcc
configure:2981: result: gcc
configure:3210: checking for C compiler version
configure:3219: gcc --version >&5
gcc (Ubuntu 5.4.0-6ubuntu1~16.04.4) 5.4.0 20160609
Copyright (C) 2015 Free Software Foundation, Inc.
This is free software; see the source for copying conditions.  There is NO
warranty; not even for MERCHANTABILITY or FITNESS FOR A PARTICULAR PURPOSE.

configure:3230: $? = 0
configure:3219: gcc -v >&5
Using built-in specs.
COLLECT_GCC=gcc
COLLECT_LTO_WRAPPER=/usr/lib/gcc/x86_64-linux-gnu/5/lto-wrapper
Target: x86_64-linux-gnu
Configured with: ../src/configure -v --with-pkgversion='Ubuntu 5.4.0-6ubuntu1~16.04.4' --with-bugurl=file:///usr/share/doc/gcc-5/README.Bugs --enable-languages=c,ada,c++,java,go,d,fortran,objc,obj-c++ --prefix=/usr --program-suffix=-5 --enable-shared --enable-linker-build-id --libexecdir=/usr/lib --without-included-gettext --enable-threads=posix --libdir=/usr/lib --enable-nls --with-sysroot=/ --enable-clocale=gnu --enable-libstdcxx-debug --enable-libstdcxx-time=yes --with-default-libstdcxx-abi=new --enable-gnu-unique-object --disable-vtable-verify --enable-libmpx --enable-plugin --with-system-zlib --disable-browser-plugin --enable-java-awt=gtk --enable-gtk-cairo --with-java-home=/usr/lib/jvm/java-1.5.0-gcj-5-amd64/jre --enable-java-home --with-jvm-root-dir=/usr/lib/jvm/java-1.5.0-gcj-5-amd64 --with-jvm-jar-dir=/usr/lib/jvm-exports/java-1.5.0-gcj-5-amd64 --with-arch-directory=amd64 --with-ecj-jar=/usr/share/java/eclipse-ecj.jar --enable-objc-gc --enable-multiarch --disable-werror --with-arch-32=i686 --with-abi=m64 --with-multilib-list=m32,m64,mx32 --enable-multilib --with-tune=generic --enable-checking=release --build=x86_64-linux-gnu --host=x86_64-linux-gnu --target=x86_64-linux-gnu
Thread model: posix
gcc version 5.4.0 20160609 (Ubuntu 5.4.0-6ubuntu1~16.04.4) 
configure:3230: $? = 0
configure:3219: gcc -V >&5
gcc: error: unrecognized command line option '-V'
gcc: fatal error: no input files
compilation terminated.
configure:3230: $? = 1
configure:3219: gcc -qversion >&5
gcc: error: unrecognized command line option '-qversion'
gcc: fatal error: no input files
compilation terminated.
configure:3230: $? = 1
configure:3250: checking whether the C compiler works
configure:3272: gcc    conftest.c  >&5
configure:3276: $? = 0
configure:3324: result: yes
configure:3327: checking for C compiler default output file name
configure:3329: result: a.out
configure:3335: checking for suffix of executables
configure:3342: gcc -o conftest    conftest.c  >&5
configure:3346: $? = 0
configure:3368: result: 
configure:3390: checking whether we are cross compiling
configure:3398: gcc -o conftest    conftest.c  >&5
configure:3402: $? = 0
configure:3409: ./conftest
configure:3413: $? = 0
configure:3428: result: no
configure:3433: checking for suffix of object files
configure:3455: gcc -c   conftest.c >&5
configure:3459: $? = 0
configure:3480: result: o
configure:3484: checking whether we are using the GNU C compiler
configure:3503: gcc -c   conftest.c >&5
configure:3503: $? = 0
configure:3512: result: yes
configure:3521: checking whether gcc accepts -g
configure:3541: gcc -c -g  conftest.c >&5
configure:3541: $? = 0
configure:3582: result: yes
configure:3599: checking for gcc option to accept ISO C89
configure:3662: gcc  -c -g -O2  conftest.c >&5
configure:3662: $? = 0
configure:3675: result: none needed
configure:3700: checking whether gcc understands -c and -o together
configure:3722: gcc -c conftest.c -o conftest2.o
configure:3725: $? = 0
configure:3722: gcc -c conftest.c -o conftest2.o
configure:3725: $? = 0
configure:3737: result: yes
configure:3756: checking dependency style of gcc
configure:3867: result: gcc3
configure:3883: checking for library containing strerror
configure:3914: gcc -o conftest -g -O2   conftest.c  >&5
configure:3914: $? = 0
configure:3931: result: none required
configure:3987: checking for gcc
configure:4014: result: gcc
configure:4243: checking for C compiler version
configure:4252: gcc --version >&5
gcc (Ubuntu 5.4.0-6ubuntu1~16.04.4) 5.4.0 20160609
Copyright (C) 2015 Free Software Foundation, Inc.
This is free software; see the source for copying conditions.  There is NO
warranty; not even for MERCHANTABILITY or FITNESS FOR A PARTICULAR PURPOSE.

configure:4263: $? = 0
configure:4252: gcc -v >&5
Using built-in specs.
COLLECT_GCC=gcc
COLLECT_LTO_WRAPPER=/usr/lib/gcc/x86_64-linux-gnu/5/lto-wrapper
Target: x86_64-linux-gnu
Configured with: ../src/configure -v --with-pkgversion='Ubuntu 5.4.0-6ubuntu1~16.04.4' --with-bugurl=file:///usr/share/doc/gcc-5/README.Bugs --enable-languages=c,ada,c++,java,go,d,fortran,objc,obj-c++ --prefix=/usr --program-suffix=-5 --enable-shared --enable-linker-build-id --libexecdir=/usr/lib --without-included-gettext --enable-threads=posix --libdir=/usr/lib --enable-nls --with-sysroot=/ --enable-clocale=gnu --enable-libstdcxx-debug --enable-libstdcxx-time=yes --with-default-libstdcxx-abi=new --enable-gnu-unique-object --disable-vtable-verify --enable-libmpx --enable-plugin --with-system-zlib --disable-browser-plugin --enable-java-awt=gtk --enable-gtk-cairo --with-java-home=/usr/lib/jvm/java-1.5.0-gcj-5-amd64/jre --enable-java-home --with-jvm-root-dir=/usr/lib/jvm/java-1.5.0-gcj-5-amd64 --with-jvm-jar-dir=/usr/lib/jvm-exports/java-1.5.0-gcj-5-amd64 --with-arch-directory=amd64 --with-ecj-jar=/usr/share/java/eclipse-ecj.jar --enable-objc-gc --enable-multiarch --disable-werror --with-arch-32=i686 --with-abi=m64 --with-multilib-list=m32,m64,mx32 --enable-multilib --with-tune=generic --enable-checking=release --build=x86_64-linux-gnu --host=x86_64-linux-gnu --target=x86_64-linux-gnu
Thread model: posix
gcc version 5.4.0 20160609 (Ubuntu 5.4.0-6ubuntu1~16.04.4) 
configure:4263: $? = 0
configure:4252: gcc -V >&5
gcc: error: unrecognized command line option '-V'
gcc: fatal error: no input files
compilation terminated.
configure:4263: $? = 1
configure:4252: gcc -qversion >&5
gcc: error: unrecognized command line option '-qversion'
gcc: fatal error: no input files
compilation terminated.
configure:4263: $? = 1
configure:4267: checking whether we are using the GNU C compiler
configure:4295: result: yes
configure:4304: checking whether gcc accepts -g
configure:4365: result: yes
configure:4382: checking for gcc option to accept ISO C89
configure:4458: result: none needed
configure:4483: checking whether gcc understands -c and -o together
configure:4520: result: yes
configure:4539: checking dependency style of gcc
configure:4650: result: gcc3
configure:4708: checking for ranlib
configure:4724: found /usr/bin/ranlib
configure:4735: result: ranlib
configure:4806: checking for ar
configure:4822: found /usr/bin/ar
configure:4833: result: ar
configure:4859: checking the archiver (ar) interface
configure:4875: gcc -c -g -O2  conftest.c >&5
configure:4875: $? = 0
configure:4877: ar cru libconftest.a conftest.o >&5
ar: `u' modifier ignored since `D' is the default (see `U')
configure:4880: $? = 0
configure:4908: result: ar
configure:4933: checking how to run the C preprocessor
configure:4964: gcc -E  conftest.c
configure:4964: $? = 0
configure:4978: gcc -E  conftest.c
conftest.c:11:28: fatal error: ac_nonexistent.h: No such file or directory
compilation terminated.
configure:4978: $? = 1
configure: failed program was:
| /* confdefs.h */
| #define PACKAGE_NAME ""
| #define PACKAGE_TARNAME ""
| #define PACKAGE_VERSION ""
| #define PACKAGE_STRING ""
| #define PACKAGE_BUGREPORT ""
| #define PACKAGE_URL ""
| #define PACKAGE "xournal"
| #define VERSION "0.4.8"
| /* end confdefs.h.  */
| #include <ac_nonexistent.h>
configure:5003: result: gcc -E
configure:5023: gcc -E  conftest.c
configure:5023: $? = 0
configure:5037: gcc -E  conftest.c
conftest.c:11:28: fatal error: ac_nonexistent.h: No such file or directory
compilation terminated.
configure:5037: $? = 1
configure: failed program was:
| /* confdefs.h */
| #define PACKAGE_NAME ""
| #define PACKAGE_TARNAME ""
| #define PACKAGE_VERSION ""
| #define PACKAGE_STRING ""
| #define PACKAGE_BUGREPORT ""
| #define PACKAGE_URL ""
| #define PACKAGE "xournal"
| #define VERSION "0.4.8"
| /* end confdefs.h.  */
| #include <ac_nonexistent.h>
configure:5066: checking for grep that handles long lines and -e
configure:5124: result: /bin/grep
configure:5129: checking for egrep
configure:5191: result: /bin/grep -E
configure:5196: checking for ANSI C header files
configure:5216: gcc -c -g -O2  conftest.c >&5
configure:5216: $? = 0
configure:5289: gcc -o conftest -g -O2   conftest.c  >&5
configure:5289: $? = 0
configure:5289: ./conftest
configure:5289: $? = 0
configure:5300: result: yes
configure:5366: checking for pkg-config
configure:5384: found /usr/bin/pkg-config
configure:5396: result: /usr/bin/pkg-config
configure:5421: checking pkg-config is at least version 0.9.0
configure:5424: result: yes
configure:5434: checking for PACKAGE
configure:5441: $PKG_CONFIG --exists --print-errors "$pkg_modules"
configure:5444: $? = 0
configure:5458: $PKG_CONFIG --exists --print-errors "$pkg_modules"
configure:5461: $? = 0
configure:5519: result: yes
configure:5530: checking build system type
configure:5544: result: x86_64-pc-linux-gnu
configure:5564: checking host system type
configure:5577: result: x86_64-pc-linux-gnu
configure:5597: checking for Windows environment
configure:5605: result: no
configure:5645: checking for sys/types.h
configure:5645: gcc -c -g -O2  conftest.c >&5
configure:5645: $? = 0
configure:5645: result: yes
configure:5645: checking for sys/stat.h
configure:5645: gcc -c -g -O2  conftest.c >&5
configure:5645: $? = 0
configure:5645: result: yes
configure:5645: checking for stdlib.h
configure:5645: gcc -c -g -O2  conftest.c >&5
configure:5645: $? = 0
configure:5645: result: yes
configure:5645: checking for string.h
configure:5645: gcc -c -g -O2  conftest.c >&5
configure:5645: $? = 0
configure:5645: result: yes
configure:5645: checking for memory.h
configure:5645: gcc -c -g -O2  conftest.c >&5
configure:5645: $? = 0
configure:5645: result: yes
configure:5645: checking for strings.h
configure:5645: gcc -c -g -O2  conftest.c >&5
configure:5645: $? = 0
configure:5645: result: yes
configure:5645: checking for inttypes.h
configure:5645: gcc -c -g -O2  conftest.c >&5
configure:5645: $? = 0
configure:5645: result: yes
configure:5645: checking for stdint.h
configure:5645: gcc -c -g -O2  conftest.c >&5
configure:5645: $? = 0
configure:5645: result: yes
configure:5645: checking for unistd.h
configure:5645: gcc -c -g -O2  conftest.c >&5
configure:5645: $? = 0
configure:5645: result: yes
configure:5660: checking locale.h usability
configure:5660: gcc -c -g -O2  conftest.c >&5
configure:5660: $? = 0
configure:5660: result: yes
configure:5660: checking locale.h presence
configure:5660: gcc -E  conftest.c
configure:5660: $? = 0
configure:5660: result: yes
configure:5660: checking for locale.h
configure:5660: result: yes
configure:5671: checking for LC_MESSAGES
configure:5687: gcc -o conftest -g -O2   -lz -lm conftest.c  >&5
configure:5687: $? = 0
configure:5695: result: yes
configure:5712: checking libintl.h usability
configure:5712: gcc -c -g -O2  conftest.c >&5
configure:5712: $? = 0
configure:5712: result: yes
configure:5712: checking libintl.h presence
configure:5712: gcc -E  conftest.c
configure:5712: $? = 0
configure:5712: result: yes
configure:5712: checking for libintl.h
configure:5712: result: yes
configure:5720: checking for ngettext in libc
configure:5738: gcc -o conftest -g -O2   -lz -lm conftest.c  >&5
configure:5738: $? = 0
configure:5747: result: yes
configure:5751: checking for dgettext in libc
configure:5769: gcc -o conftest -g -O2   -lz -lm conftest.c  >&5
configure:5769: $? = 0
configure:5778: result: yes
configure:5785: checking for bind_textdomain_codeset
configure:5785: gcc -o conftest -g -O2   -lz -lm conftest.c  >&5
configure:5785: $? = 0
configure:5785: result: yes
configure:6061: checking for msgfmt
configure:6088: result: /usr/bin/msgfmt
configure:6099: checking for dcgettext
configure:6099: gcc -o conftest -g -O2   -lz -lm conftest.c   >&5
conftest.c:49:6: warning: conflicting types for built-in function 'dcgettext'
 char dcgettext ();
      ^
configure:6099: $? = 0
configure:6099: result: yes
configure:6109: checking if msgfmt accepts -c
configure:6124: $MSGFMT -c -o /dev/null conftest.foo
conftest.foo:3: warning: header field 'Language' missing in header
configure:6127: $? = 0
configure:6129: result: yes
configure:6139: checking for gmsgfmt
configure:6170: result: /usr/bin/msgfmt
configure:6180: checking for xgettext
configure:6207: result: /usr/bin/xgettext
configure:6226: gcc -o conftest -g -O2   -lz -lm conftest.c   >&5
configure:6226: $? = 0
configure:6308: checking for catalogs to be installed
configure:6333: result:  ca cs de es fr ja it nl pl pt_BR zh_CN zh_TW
configure:6477: checking that generated files are newer than configure
configure:6483: result: done
configure:6522: creating ./config.status

## ---------------------- ##
## Running config.status. ##
## ---------------------- ##

This file was extended by config.status, which was
generated by GNU Autoconf 2.69.  Invocation command line was

  CONFIG_FILES    = 
  CONFIG_HEADERS  = 
  CONFIG_LINKS    = 
  CONFIG_COMMANDS = 
  $ ./config.status 

on system76-pc

config.status:910: creating Makefile
config.status:910: creating src/Makefile
config.status:910: creating src/ttsubset/Makefile
config.status:910: creating po/Makefile.in
config.status:910: creating config.h
config.status:1139: executing depfiles commands
config.status:1139: executing default-1 commands

## ---------------- ##
## Cache variables. ##
## ---------------- ##

ac_cv_build=x86_64-pc-linux-gnu
ac_cv_c_compiler_gnu=yes
ac_cv_env_CC_set=
ac_cv_env_CC_value=
ac_cv_env_CFLAGS_set=
ac_cv_env_CFLAGS_value=
ac_cv_env_CPPFLAGS_set=
ac_cv_env_CPPFLAGS_value=
ac_cv_env_CPP_set=
ac_cv_env_CPP_value=
ac_cv_env_LDFLAGS_set=
ac_cv_env_LDFLAGS_value=
ac_cv_env_LIBS_set=
ac_cv_env_LIBS_value=
ac_cv_env_PACKAGE_CFLAGS_set=
ac_cv_env_PACKAGE_CFLAGS_value=
ac_cv_env_PACKAGE_LIBS_set=
ac_cv_env_PACKAGE_LIBS_value=
ac_cv_env_PKG_CONFIG_LIBDIR_set=
ac_cv_env_PKG_CONFIG_LIBDIR_value=
ac_cv_env_PKG_CONFIG_PATH_set=
ac_cv_env_PKG_CONFIG_PATH_value=
ac_cv_env_PKG_CONFIG_set=
ac_cv_env_PKG_CONFIG_value=
ac_cv_env_build_alias_set=
ac_cv_env_build_alias_value=
ac_cv_env_host_alias_set=
ac_cv_env_host_alias_value=
ac_cv_env_target_alias_set=
ac_cv_env_target_alias_value=
ac_cv_func_bind_textdomain_codeset=yes
ac_cv_func_dcgettext=yes
ac_cv_header_inttypes_h=yes
ac_cv_header_libintl_h=yes
ac_cv_header_locale_h=yes
ac_cv_header_memory_h=yes
ac_cv_header_stdc=yes
ac_cv_header_stdint_h=yes
ac_cv_header_stdlib_h=yes
ac_cv_header_string_h=yes
ac_cv_header_strings_h=yes
ac_cv_header_sys_stat_h=yes
ac_cv_header_sys_types_h=yes
ac_cv_header_unistd_h=yes
ac_cv_host=x86_64-pc-linux-gnu
ac_cv_objext=o
ac_cv_path_EGREP='/bin/grep -E'
ac_cv_path_GMSGFMT=/usr/bin/msgfmt
ac_cv_path_GREP=/bin/grep
ac_cv_path_MSGFMT=/usr/bin/msgfmt
ac_cv_path_XGETTEXT=/usr/bin/xgettext
ac_cv_path_ac_pt_PKG_CONFIG=/usr/bin/pkg-config
ac_cv_path_install='/usr/bin/install -c'
ac_cv_path_mkdir=/bin/mkdir
ac_cv_prog_AWK=mawk
ac_cv_prog_CPP='gcc -E'
ac_cv_prog_ac_ct_AR=ar
ac_cv_prog_ac_ct_CC=gcc
ac_cv_prog_ac_ct_RANLIB=ranlib
ac_cv_prog_cc_c89=
ac_cv_prog_cc_g=yes
ac_cv_prog_make_make_set=yes
ac_cv_search_strerror='none required'
am_cv_CC_dependencies_compiler_type=gcc3
am_cv_ar_interface=ar
am_cv_make_support_nested_variables=yes
am_cv_prog_cc_c_o=yes
am_cv_val_LC_MESSAGES=yes
gt_cv_func_dgettext_libc=yes
gt_cv_func_dgettext_libintl=no
gt_cv_func_ngettext_libc=yes
gt_cv_have_gettext=yes
pkg_cv_PACKAGE_CFLAGS='-pthread -I/usr/include/libgnomecanvas-2.0 -I/usr/include/gail-1.0 -I/usr/include/libart-2.0 -I/usr/include/gtk-2.0 -I/usr/lib/x86_64-linux-gnu/gtk-2.0/include -I/usr/include/gio-unix-2.0/ -I/usr/include/cairo -I/usr/include/pango-1.0 -I/usr/include/atk-1.0 -I/usr/include/gdk-pixbuf-2.0 -I/usr/include/libpng12 -I/usr/include/poppler/glib -I/usr/include/poppler -I/usr/include/cairo -I/usr/include/pixman-1 -I/usr/include/libpng12 -I/usr/include/pango-1.0 -I/usr/include/harfbuzz -I/usr/include/pango-1.0 -I/usr/include/glib-2.0 -I/usr/lib/x86_64-linux-gnu/glib-2.0/include -I/usr/include/freetype2'
pkg_cv_PACKAGE_LIBS='-lgnomecanvas-2 -lart_lgpl_2 -lgtk-x11-2.0 -lgdk-x11-2.0 -lpangocairo-1.0 -latk-1.0 -lgdk_pixbuf-2.0 -lpoppler-glib -lgio-2.0 -lcairo -lpangoft2-1.0 -lpango-1.0 -lgobject-2.0 -lglib-2.0 -lfontconfig -lfreetype'

## ----------------- ##
## Output variables. ##
## ----------------- ##

ACLOCAL='${SHELL} /home/shalan/Documents/xournal-code/missing aclocal-1.15'
AMDEPBACKSLASH='\'
AMDEP_FALSE='#'
AMDEP_TRUE=''
AMTAR='$${TAR-tar}'
AM_BACKSLASH='\'
AM_DEFAULT_V='$(AM_DEFAULT_VERBOSITY)'
AM_DEFAULT_VERBOSITY='1'
AM_V='$(V)'
AR='ar'
AUTOCONF='${SHELL} /home/shalan/Documents/xournal-code/missing autoconf'
AUTOHEADER='${SHELL} /home/shalan/Documents/xournal-code/missing autoheader'
AUTOMAKE='${SHELL} /home/shalan/Documents/xournal-code/missing automake-1.15'
AWK='mawk'
CATALOGS=' ca.gmo cs.gmo de.gmo es.gmo fr.gmo ja.gmo it.gmo nl.gmo pl.gmo pt_BR.gmo zh_CN.gmo zh_TW.gmo'
CATOBJEXT='.gmo'
CC='gcc'
CCDEPMODE='depmode=gcc3'
CFLAGS='-g -O2'
CPP='gcc -E'
CPPFLAGS=''
CYGPATH_W='echo'
DATADIRNAME='share'
DEFS='-DHAVE_CONFIG_H'
DEPDIR='.deps'
ECHO_C=''
ECHO_N='-n'
ECHO_T=''
EGREP='/bin/grep -E'
EXEEXT=''
GETTEXT_PACKAGE='xournal'
GMOFILES=' ca.gmo cs.gmo de.gmo es.gmo fr.gmo ja.gmo it.gmo nl.gmo pl.gmo pt_BR.gmo zh_CN.gmo zh_TW.gmo'
GMSGFMT='/usr/bin/msgfmt'
GREP='/bin/grep'
INSTALL_DATA='${INSTALL} -m 644'
INSTALL_PROGRAM='${INSTALL}'
INSTALL_SCRIPT='${INSTALL}'
INSTALL_STRIP_PROGRAM='$(install_sh) -c -s'
INSTOBJEXT='.mo'
INTLLIBS=''
LDFLAGS=' -lz -lm'
LIBOBJS=''
LIBS=''
LINUX_FALSE='#'
LINUX_TRUE=''
LTLIBOBJS=''
MAINT=''
MAINTAINER_MODE_FALSE='#'
MAINTAINER_MODE_TRUE=''
MAKEINFO='${SHELL} /home/shalan/Documents/xournal-code/missing makeinfo'
MKDIR_P='/bin/mkdir -p'
MKINSTALLDIRS='./mkinstalldirs'
MSGFMT='/usr/bin/msgfmt'
MSGFMT_OPTS='-c'
OBJEXT='o'
PACKAGE='xournal'
PACKAGE_BUGREPORT=''
PACKAGE_CFLAGS='-pthread -I/usr/include/libgnomecanvas-2.0 -I/usr/include/gail-1.0 -I/usr/include/libart-2.0 -I/usr/include/gtk-2.0 -I/usr/lib/x86_64-linux-gnu/gtk-2.0/include -I/usr/include/gio-unix-2.0/ -I/usr/include/cairo -I/usr/include/pango-1.0 -I/usr/include/atk-1.0 -I/usr/include/gdk-pixbuf-2.0 -I/usr/include/libpng12 -I/usr/include/poppler/glib -I/usr/include/poppler -I/usr/include/cairo -I/usr/include/pixman-1 -I/usr/include/libpng12 -I/usr/include/pango-1.0 -I/usr/include/harfbuzz -I/usr/include/pango-1.0 -I/usr/include/glib-2.0 -I/usr/lib/x86_64-linux-gnu/glib-2.0/include -I/usr/include/freetype2'
PACKAGE_LIBS='-lgnomecanvas-2 -lart_lgpl_2 -lgtk-x11-2.0 -lgdk-x11-2.0 -lpangocairo-1.0 -latk-1.0 -lgdk_pixbuf-2.0 -lpoppler-glib -lgio-2.0 -lcairo -lpangoft2-1.0 -lpango-1.0 -lgobject-2.0 -lglib-2.0 -lfontconfig -lfreetype'
PACKAGE_NAME=''
PACKAGE_STRING=''
PACKAGE_TARNAME=''
PACKAGE_URL=''
PACKAGE_VERSION=''
PATH_SEPARATOR=':'
PKG_CONFIG='/usr/bin/pkg-config'
PKG_CONFIG_LIBDIR=''
PKG_CONFIG_PATH=''
POFILES=' ca.po cs.po de.po es.po fr.po ja.po it.po nl.po pl.po pt_BR.po zh_CN.po zh_TW.po'
POSUB='po'
PO_IN_DATADIR_FALSE=''
PO_IN_DATADIR_TRUE=''
RANLIB='ranlib'
SET_MAKE=''
SHELL='/bin/bash'
STRIP=''
USE_NLS='yes'
VERSION='0.4.8'
WIN32_FALSE=''
WIN32_TRUE='#'
XGETTEXT='/usr/bin/xgettext'
ac_ct_AR='ar'
ac_ct_CC='gcc'
am__EXEEXT_FALSE=''
am__EXEEXT_TRUE='#'
am__fastdepCC_FALSE='#'
am__fastdepCC_TRUE=''
am__include='include'
am__isrc=''
am__leading_dot='.'
am__nodep='_no'
am__quote=''
am__tar='$${TAR-tar} chof - "$$tardir"'
am__untar='$${TAR-tar} xf -'
bindir='${exec_prefix}/bin'
build='x86_64-pc-linux-gnu'
build_alias=''
build_cpu='x86_64'
build_os='linux-gnu'
build_vendor='pc'
datadir='${datarootdir}'
datarootdir='${prefix}/share'
docdir='${datarootdir}/doc/${PACKAGE}'
dvidir='${docdir}'
exec_prefix='${prefix}'
host='x86_64-pc-linux-gnu'
host_alias=''
host_cpu='x86_64'
host_os='linux-gnu'
host_vendor='pc'
htmldir='${docdir}'
includedir='${prefix}/include'
infodir='${datarootdir}/info'
install_sh='${SHELL} /home/shalan/Documents/xournal-code/install-sh'
libdir='${exec_prefix}/lib'
libexecdir='${exec_prefix}/libexec'
localedir='${datarootdir}/locale'
localstatedir='${prefix}/var'
mandir='${datarootdir}/man'
mkdir_p='$(MKDIR_P)'
oldincludedir='/usr/include'
pdfdir='${docdir}'
prefix='/usr/local'
program_transform_name='s,x,x,'
psdir='${docdir}'
runstatedir='${localstatedir}/run'
sbindir='${exec_prefix}/sbin'
sharedstatedir='${prefix}/com'
sysconfdir='${prefix}/etc'
target_alias=''

## ----------- ##
## confdefs.h. ##
## ----------- ##

/* confdefs.h */
#define PACKAGE_NAME ""
#define PACKAGE_TARNAME ""
#define PACKAGE_VERSION ""
#define PACKAGE_STRING ""
#define PACKAGE_BUGREPORT ""
#define PACKAGE_URL ""
#define PACKAGE "xournal"
#define VERSION "0.4.8"
#define STDC_HEADERS 1
#define GETTEXT_PACKAGE "xournal"
#define HAVE_SYS_TYPES_H 1
#define HAVE_SYS_STAT_H 1
#define HAVE_STDLIB_H 1
#define HAVE_STRING_H 1
#define HAVE_MEMORY_H 1
#define HAVE_STRINGS_H 1
#define HAVE_INTTYPES_H 1
#define HAVE_STDINT_H 1
#define HAVE_UNISTD_H 1
#define HAVE_LOCALE_H 1
#define HAVE_LC_MESSAGES 1
#define HAVE_BIND_TEXTDOMAIN_CODESET 1
#define HAVE_GETTEXT 1
#define HAVE_DCGETTEXT 1
#define ENABLE_NLS 1

configure: exit 0
